0 info it worked if it ends with ok
1 verbose cli [ '/usr/local/bin/node', '/usr/local/bin/npm', 'publish' ]
2 info using npm@1.4.28
3 info using node@v0.10.35
4 verbose publish [ '.' ]
5 verbose cache add [ '.', null ]
6 verbose cache add name=undefined spec="." args=[".",null]
7 verbose parsed url { protocol: null,
7 verbose parsed url   slashes: null,
7 verbose parsed url   auth: null,
7 verbose parsed url   host: null,
7 verbose parsed url   port: null,
7 verbose parsed url   hostname: null,
7 verbose parsed url   hash: null,
7 verbose parsed url   search: null,
7 verbose parsed url   query: null,
7 verbose parsed url   pathname: '.',
7 verbose parsed url   path: '.',
7 verbose parsed url   href: '.' }
8 silly lockFile 3a52ce78- .
9 verbose lock . /home/yliu/.npm/3a52ce78-.lock
10 verbose tar pack [ '/home/yliu/.npm/lyflow/1.0.0/package.tgz', '.' ]
11 verbose tarball /home/yliu/.npm/lyflow/1.0.0/package.tgz
12 verbose folder .
13 info prepublish lyflow@1.0.0
14 silly lockFile 1f1177db-tar tar://.
15 verbose lock tar://. /home/yliu/.npm/1f1177db-tar.lock
16 silly lockFile 739b319c-liu-npm-lyflow-1-0-0-package-tgz tar:///home/yliu/.npm/lyflow/1.0.0/package.tgz
17 verbose lock tar:///home/yliu/.npm/lyflow/1.0.0/package.tgz /home/yliu/.npm/739b319c-liu-npm-lyflow-1-0-0-package-tgz.lock
18 silly lockFile 1f1177db-tar tar://.
19 silly lockFile 1f1177db-tar tar://.
20 silly lockFile 739b319c-liu-npm-lyflow-1-0-0-package-tgz tar:///home/yliu/.npm/lyflow/1.0.0/package.tgz
21 silly lockFile 739b319c-liu-npm-lyflow-1-0-0-package-tgz tar:///home/yliu/.npm/lyflow/1.0.0/package.tgz
22 silly lockFile 2079405c-me-yliu-npm-lyflow-1-0-0-package /home/yliu/.npm/lyflow/1.0.0/package
23 verbose lock /home/yliu/.npm/lyflow/1.0.0/package /home/yliu/.npm/2079405c-me-yliu-npm-lyflow-1-0-0-package.lock
24 silly lockFile 2079405c-me-yliu-npm-lyflow-1-0-0-package /home/yliu/.npm/lyflow/1.0.0/package
25 silly lockFile 2079405c-me-yliu-npm-lyflow-1-0-0-package /home/yliu/.npm/lyflow/1.0.0/package
26 silly lockFile 3a52ce78- .
27 silly lockFile 3a52ce78- .
28 silly publish { name: 'lyflow',
28 silly publish   version: '1.0.0',
28 silly publish   description: 'Node.js small foot print light weight general promise module',
28 silly publish   main: 'index.js',
28 silly publish   scripts: { test: 'echo "Error: no test specified" && exit 1' },
28 silly publish   repository: { type: 'git', url: 'https://github.com/YunfengLiu/lyflow.git' },
28 silly publish   keywords: [ 'Node.js', 'javascript', 'Promise' ],
28 silly publish   author:
28 silly publish    { name: 'Yunfeng Liu',
28 silly publish      email: 'support@solarminer.com',
28 silly publish      url: 'http://www.solarminer.com/' },
28 silly publish   license: 'MIT',
28 silly publish   bugs: { url: 'https://github.com/YunfengLiu/lyflow/issues' },
28 silly publish   homepage: 'https://github.com/YunfengLiu/lyflow',
28 silly publish   readme: '# lyflow\nNode.js small foot print light weight general promise module\n\n# How to use\n\nFlowing example will use npm mysql module as an example explaining how to use lyflow:\n\n_Install lyflow module_\n\n```\n$ npm install lyflow\n```\n\n_Example_\n\n```javascript\nvar mysql      = require(\'mysql\');\nvar Flow = require (\'lyflow\');\nvar connection = mysql.createConnection({\n  host     : \'localhost\',\n  user     : \'root\',\n  password : \'YOUR PASSWRORD\'\n});\n\nfunction Terminate() {\n    console.log ("Program Terminated");\n}\n\nvar flow = {\n    end: Terminate\n};\nconnection.connect(Flow.bind (flow, \'db_connect\'));\nflow.db_connect = function(err) {\n    if (err) {\n        console.log ("Error DB");\n        return this.end ();\n    }\n    connection.query (\'SELECT * FROM USER\', Flow.bind (flow, \'user_query\'));\n}\nflow.user_query = function (err, rows) {\n    if (err) {\n        console.log ("Error query USER: " + err);\n        return this.end ();\n    }\n    console.log ("Result:" + JSON.stringify (rows));\n}\n\n\n```\n',
28 silly publish   readmeFilename: 'README.md',
28 silly publish   gitHead: '587ad6187bda2bc544373c3b7e951ff6e960f8a3',
28 silly publish   _id: 'lyflow@1.0.0',
28 silly publish   _shasum: '1d5a8f77f9a7ac0c698c001808a17c88a71b4d40',
28 silly publish   _from: '.' }
29 verbose request where is /lyflow
30 verbose request registry https://registry.npmjs.org/
31 verbose request id 37b62864e0498c2a
32 verbose url raw /lyflow
33 verbose url resolving [ 'https://registry.npmjs.org/', './lyflow' ]
34 verbose url resolved https://registry.npmjs.org/lyflow
35 verbose request where is https://registry.npmjs.org/lyflow
36 info trying registry request attempt 1 at 20:51:58
37 http PUT https://registry.npmjs.org/lyflow
38 http 403 https://registry.npmjs.org/lyflow
39 verbose headers { date: 'Sun, 11 Jan 2015 01:52:00 GMT',
39 verbose headers   server: 'CouchDB/1.5.0 (Erlang OTP/R16B03)',
39 verbose headers   'content-type': 'application/json',
39 verbose headers   'cache-control': 'max-age=60',
39 verbose headers   'content-length': '230',
39 verbose headers   'accept-ranges': 'bytes',
39 verbose headers   via: '1.1 varnish',
39 verbose headers   'x-served-by': 'cache-ord1727-ORD',
39 verbose headers   'x-cache': 'MISS',
39 verbose headers   'x-cache-hits': '0',
39 verbose headers   'x-timer': 'S1420941120.213535,VS0,VE245',
39 verbose headers   'keep-alive': 'timeout=10, max=50',
39 verbose headers   connection: 'Keep-Alive' }
40 error publish Failed PUT 403
41 error Error: forbidden Attempting to modify version 1.0.0,
41 error which was previously published on 2015-01-11T01:46:29.759Z.
41 error This is forbidden, to maintain package integrity.
41 error Please update the version number and try again.: lyflow
41 error     at RegClient.<anonymous> (/usr/local/lib/node_modules/npm/node_modules/npm-registry-client/lib/request.js:308:14)
41 error     at Request._callback (/usr/local/lib/node_modules/npm/node_modules/npm-registry-client/lib/request.js:246:65)
41 error     at Request.self.callback (/usr/local/lib/node_modules/npm/node_modules/request/request.js:236:22)
41 error     at Request.emit (events.js:98:17)
41 error     at Request.<anonymous> (/usr/local/lib/node_modules/npm/node_modules/request/request.js:1142:14)
41 error     at Request.emit (events.js:117:20)
41 error     at IncomingMessage.<anonymous> (/usr/local/lib/node_modules/npm/node_modules/request/request.js:1096:12)
41 error     at IncomingMessage.emit (events.js:117:20)
41 error     at _stream_readable.js:944:16
41 error     at process._tickCallback (node.js:442:13)
42 error If you need help, you may report this *entire* log,
42 error including the npm and node versions, at:
42 error     <http://github.com/npm/npm/issues>
43 error System Linux 3.8.0-44-generic
44 error command "/usr/local/bin/node" "/usr/local/bin/npm" "publish"
45 error cwd /home/yliu/projects/lyflow
46 error node -v v0.10.35
47 error npm -v 1.4.28
48 verbose exit [ 1, true ]
